Arguments: 
  C:\Program Files\nodejs\node.exe C:\Program Files (x86)\Yarn\bin\yarn.js add crypto-js

PATH: 
  C:\Program Files (x86)\Common Files\Oracle\Java\javapath;C:\Windows\system32;C:\Windows;C:\Windows\System32\Wbem;C:\Windows\System32\WindowsPowerShell\v1.0\;C:\Windows\System32\OpenSSH\;C:\Program Files (x86)\NVIDIA Corporation\PhysX\Common;C:\Program Files\NVIDIA Corporation\NVIDIA NvDLISR;C:\Program Files\MATLAB\R2017a\runtime\win64;C:\Program Files\MATLAB\R2017a\bin;C:\Program Files\dotnet\;C:\Program Files\nodejs\;C:\ProgramData\chocolatey\bin;C:\Program Files\Git\cmd;C:\Program Files\PuTTY\;C:\Program Files (x86)\Yarn\bin\;C:\Program Files\Java\jdk1.8.0_221\bin\;;C:\Users\91893\AppData\Roaming\npm;C:\Users\91893\AppData\Local\Programs\Microsoft VS Code\bin;C:\Program Files\heroku\bin;C:\Users\91893\AppData\Local\Yarn\bin

Yarn version: 
  1.22.4

Node version: 
  14.1.0

Platform: 
  win32 x64

Trace: 
  Error: connect ENETUNREACH 104.16.20.35:443
      at TCPConnectWrap.afterConnect [as oncomplete] (net.js:1142:16)

npm manifest: 
  {
    "name": "web-servers",
    "version": "1.0.0",
    "description": "",
    "main": "index.js",
    "scripts": {
      "start": "node src/app.js",
      "dev": "nodemon src/app.js -e js,hbs"
    },
    "keywords": [],
    "author": "Harsh Gupta <2000harshgupta@gmail.com>",
    "license": "ISC",
    "dependencies": {
      "@sendgrid/mail": "^7.2.0",
      "bcryptjs": "^2.4.3",
      "body-parser": "^1.19.0",
      "cookie-parser": "^1.4.5",
      "crypto-js": "^4.0.0",
      "dotenv": "^8.2.0",
      "express": "^4.17.1",
      "hbs": "^4.1.1",
      "jsonwebtoken": "^8.5.1",
      "localforage": "^1.7.4",
      "mongoose": "^5.9.19",
      "multer": "^1.4.2",
      "request": "^2.88.2",
      "request-promise": "^4.2.5",
      "sharp": "^0.25.4",
      "socket.io": "^2.3.0",
      "validator": "^13.1.1"
    },
    "devDependencies": {
      "nodemon": "^2.0.4"
    },
    "repository": "git@github.com:0907harsh/node-weather-website.git"
  }

yarn manifest: 
  No manifest

Lockfile: 
  No lockfile
